<?xml version="1.0" encoding="UTF-8"?>
<testsuite name="LogicSimulatorTest" tests="1" skipped="0" failures="0" errors="0" timestamp="2020-08-24T19:05:52" hostname="LAPTOP-G59PR4G8" time="0.011">
  <properties/>
  <testcase name="testTruthTable" classname="LogicSimulatorTest" time="0.011"/>
  <system-out><![CDATA[]]></system-out>
  <system-err><![CDATA[]]></system-err>
</testsuite>
