<?xml version="1.0" encoding="UTF-8"?>
<testsuite name="LogicSimulatorTest" tests="1" skipped="0" failures="0" errors="0" timestamp="2020-08-24T18:32:10" hostname="LAPTOP-G59PR4G8" time="0.015">
  <properties/>
  <testcase name="testGetSimulationResult" classname="LogicSimulatorTest" time="0.015"/>
  <system-out><![CDATA[1
3
2
]]></system-out>
  <system-err><![CDATA[]]></system-err>
</testsuite>
